<?xml version="1.0" encoding="UTF-8"?>
<testsuite xmlns:xsi="http://www.w3.org/2001/XMLSchema-instance" xsi:noNamespaceSchemaLocation="https://maven.apache.org/surefire/maven-surefire-plugin/xsd/surefire-test-report-3.0.xsd" version="3.0" name="testRunners.TestRunner" time="16.468" tests="2" errors="0" skipped="0" failures="0">
  <properties>
[...]
</properties>
  <testcase name="Validate personal and alternate names" classname="Validate OpenLibrary Author API" time="3.762">
    <system-out><![CDATA[
@api
Scenario: Validate personal and alternate names &amp#27;[90m# src/test/resources/features/API.feature:4&amp#27;[0m
Config loaded successfully
API called: https://openlibrary.org/authors/OL1A.json
  &amp#27;[32mGiven &amp#27;[0m&amp#27;[32muser calls OpenLibrary author API&amp#27;[0m       &amp#27;[90m# stepDefinitions.APISteps.callAuthorAPI()&amp#27;[0m
Actual personal_name: Sachi Rautroy and expected personal_name Sachi Rautroy
  &amp#27;[32mThen &amp#27;[0m&amp#27;[32mpersonal_name should be validated&amp#27;[0m        &amp#27;[90m# stepDefinitions.APISteps.validatePersonalName()&amp#27;[0m
Alternate Names: [Satchidananda Raut Roy, Satchidananda Raut-Roy, Satchidananda Rautroy, Satchi Raut Roy, Satchi Raut-Roy, Satchi Rautroy, Saccidānanda Rāutarāẏa, Yugashrashta Sachi Routray, Sacci Rāutarāẏa, Sachidananda Routray, Rāutarāẏa, Saccidānanda, ସଚ୍ଚିଦାନନ୍ଦ ରାଉତରାୟ ଓଡ଼ିଆ ଲେଖକ, Sachi Rautroy] which contains expected alternate name Yugashrashta Sachi Routray
  &amp#27;[32mAnd &amp#27;[0m&amp#27;[32malternate_names should contain expected&amp#27;[0m   &amp#27;[90m# stepDefinitions.APISteps.validateAlternateNames()&amp#27;[0m
]]></system-out>
    <system-err><![CDATA[SLF4J(W): No SLF4J providers were found.
SLF4J(W): Defaulting to no-operation (NOP) logger implementation
SLF4J(W): See https://www.slf4j.org/codes.html#noProviders for further details.
]]></system-err>
  </testcase>
  <testcase name="Calculate stamp duty for vehicle" classname="NSW Stamp Duty Calculator" time="11.755">
    <system-out><![CDATA[
@login
Scenario: Calculate stamp duty for vehicle              &amp#27;[90m# src/test/resources/features/Login.feature:4&amp#27;[0m
Properties loaded: {baseUrl=https://www.service.nsw.gov.au/transaction/check-motor-vehicle-stamp-duty, expectedPersonalName=Sachi Rautroy, expectedAlternateName=Yugashrashta Sachi Routray, browser=chrome, authorApiUrl=https://openlibrary.org/authors/OL1A.json, vehicleOption=Yes, purchaseAmount=10000}
website launched https://www.service.nsw.gov.au/transaction/check-motor-vehicle-stamp-duty
  &amp#27;[32mGiven &amp#27;[0m&amp#27;[32muser opens the NSW Stamp Duty page&amp#27;[0m              &amp#27;[90m# stepDefinitions.LoginSteps.openPage()&amp#27;[0m
Check motor vehicle stamp duty page loaded successfully
  &amp#27;[32mThen &amp#27;[0m&amp#27;[32mthe page should load successfully&amp#27;[0m                &amp#27;[90m# stepDefinitions.LoginSteps.verifyPageLoaded()&amp#27;[0m
Check online button clicked.
  &amp#27;[32mWhen &amp#27;[0m&amp#27;[32muser clicks on Check online button&amp#27;[0m               &amp#27;[90m# stepDefinitions.LoginSteps.clickCheckOnline()&amp#27;[0m
Revenue NSW calculators page loaded successfully
  &amp#27;[32mThen &amp#27;[0m&amp#27;[32mRevenue NSW calculators page should appear&amp#27;[0m       &amp#27;[90m# stepDefinitions.LoginSteps.verifyCalculatorPage()&amp#27;[0m
Registration for passenger vehicle selected as Yes
  &amp#27;[32mWhen &amp#27;[0m&amp#27;[32muser selects Yes option&amp#27;[0m                          &amp#27;[90m# stepDefinitions.LoginSteps.selectYesOption()&amp#27;[0m
Purchase Price entered as 10000
  &amp#27;[32mAnd &amp#27;[0m&amp#27;[32muser enters purchase price&amp#27;[0m                        &amp#27;[90m# stepDefinitions.LoginSteps.enterPurchasePrice()&amp#27;[0m
Calculate button is clicked
  &amp#27;[32mAnd &amp#27;[0m&amp#27;[32muser clicks on Calculate button&amp#27;[0m                   &amp#27;[90m# stepDefinitions.LoginSteps.clickCalculate()&amp#27;[0m
Motor vehicle registration window is visible: true
Passenger vehicle shown as Yes
Purchase amount shown as 10000
Duty payable text is visible $300.00
  &amp#27;[32mThen &amp#27;[0m&amp#27;[32mcalculation result should be displayed correctly&amp#27;[0m &amp#27;[90m# stepDefinitions.LoginSteps.verifyResults()&amp#27;[0m
]]></system-out>
    <system-err><![CDATA[Feb 17, 2026 9:39:24 PM org.openqa.selenium.devtools.CdpVersionFinder findNearestMatch
WARNING: Unable to find CDP implementation matching 144
Feb 17, 2026 9:39:24 PM org.openqa.selenium.chromium.ChromiumDriver lambda$new$5
WARNING: Unable to find version of CDP to use for 144.0.7559.134. You may need to include a dependency on a specific version of the CDP using something similar to `org.seleniumhq.selenium:selenium-devtools-v86:4.11.0` where the version ("v86") matches the version of the chromium-based browser you're using and the version number of the artifact is the same as Selenium's.
Feb 17, 2026 9:39:32 PM org.openqa.selenium.remote.http.WebSocket$Listener onError
WARNING: Connection reset
java.net.SocketException: Connection reset
	at java.base/sun.nio.ch.SocketChannelImpl.throwConnectionReset(SocketChannelImpl.java:403)
	at java.base/sun.nio.ch.SocketChannelImpl.implRead(SocketChannelImpl.java:435)
	at java.base/sun.nio.ch.SocketChannelImpl.read(SocketChannelImpl.java:493)
	at io.netty.buffer.PooledByteBuf.setBytes(PooledByteBuf.java:256)
	at io.netty.buffer.AbstractByteBuf.writeBytes(AbstractByteBuf.java:1132)
	at io.netty.channel.socket.nio.NioSocketChannel.doReadBytes(NioSocketChannel.java:357)
	at io.netty.channel.nio.AbstractNioByteChannel$NioByteUnsafe.read(AbstractNioByteChannel.java:151)
	at io.netty.channel.nio.NioEventLoop.processSelectedKey(NioEventLoop.java:788)
	at io.netty.channel.nio.NioEventLoop.processSelectedKeysOptimized(NioEventLoop.java:724)
	at io.netty.channel.nio.NioEventLoop.processSelectedKeys(NioEventLoop.java:650)
	at io.netty.channel.nio.NioEventLoop.run(NioEventLoop.java:562)
	at io.netty.util.concurrent.SingleThreadEventExecutor$4.run(SingleThreadEventExecutor.java:997)
	at io.netty.util.internal.ThreadExecutorMap$2.run(ThreadExecutorMap.java:74)
	at io.netty.util.concurrent.FastThreadLocalRunnable.run(FastThreadLocalRunnable.java:30)
	at java.base/java.lang.Thread.run(Thread.java:1570)

]]></system-err>
  </testcase>
</testsuite>